<?xml version="1.0" encoding="UTF-8"?>
<testng-results skipped="0" failed="0" ignored="0" total="1" passed="1">
  <reporter-output>
  </reporter-output>
  <suite name="Default suite" duration-ms="15970" started-at="2019-08-03T09:29:03Z" finished-at="2019-08-03T09:29:19Z">
    <groups>
    </groups>
    <test name="Default test" duration-ms="15970" started-at="2019-08-03T09:29:03Z" finished-at="2019-08-03T09:29:19Z">
      <class name="Test.Feature.homePageTest">
        <test-method status="PASS" signature="setup()[pri:0, instance:Test.Feature.homePageTest@1e4c4fda]" name="setup" is-config="true" duration-ms="2070" started-at="2019-08-03T09:29:03Z" finished-at="2019-08-03T09:29:05Z">
          <reporter-output>
          </reporter-output>
        </test-method> <!-- setup -->
        <test-method status="PASS" signature="HomePageTestload()[pri:0, instance:Test.Feature.homePageTest@1e4c4fda]" name="HomePageTestload" duration-ms="8262" started-at="2019-08-03T09:29:05Z" finished-at="2019-08-03T09:29:13Z">
          <reporter-output>
          </reporter-output>
        </test-method> <!-- HomePageTestload -->
        <test-method status="PASS" signature="teardown()[pri:0, instance:Test.Feature.homePageTest@1e4c4fda]" name="teardown" is-config="true" duration-ms="5609" started-at="2019-08-03T09:29:13Z" finished-at="2019-08-03T09:29:19Z">
          <reporter-output>
          </reporter-output>
        </test-method> <!-- teardown -->
      </class> <!-- Test.Feature.homePageTest -->
    </test> <!-- Default test -->
  </suite> <!-- Default suite -->
</testng-results>
